{
  "RSpec": {
    "coverage": {
      "/Users/ode/Projects/stocksniffer/app/helpers/application_helper.rb": [
        1,
        null
      ],
      "/Users/ode/Projects/stocksniffer/app/helpers/nasdaq_instruments_helper.rb": [
        1,
        null
      ],
      "/Users/ode/Projects/stocksniffer/app/helpers/xetra_instruments_helper.rb": [
        1,
        null
      ],
      "/Users/ode/Projects/stocksniffer/app/models/nasdaq_instrument.rb": [
        1,
        1,
        1,
        null
      ],
      "/Users/ode/Projects/stocksniffer/app/models/application_record.rb": [
        1,
        1,
        null
      ],
      "/Users/ode/Projects/stocksniffer/app/models/xetra_instrument.rb": [
        1,
        1,
        1,
        null
      ],
      "/Users/ode/Projects/stocksniffer/app/controllers/home_controller.rb": [
        1,
        null,
        1,
        1,
        null,
        null,
        1,
        1,
        1,
        null,
        null
      ],
      "/Users/ode/Projects/stocksniffer/lib/google_finance_scraper.rb": [
        1,
        null,
        1,
        2,
        2,
        null,
        2,
        null,
        2,
        2,
        2,
        2,
        null,
        2,
        2,
        22,
        22,
        22,
        null,
        2,
        2,
        null,
        null,
        1,
        1,
        2,
        null,
        null
      ],
      "/Users/ode/Projects/stocksniffer/app/controllers/application_controller.rb": [
        1,
        null,
        null,
        1,
        null
      ],
      "/Users/ode/Projects/stocksniffer/lib/alpha_vantage_api.rb": [
        1,
        null,
        1,
        6,
        null,
        null,
        1,
        10,
        10,
        2,
        null,
        null,
        null,
        1,
        5,
        1,
        1,
        1,
        null,
        4,
        null,
        null,
        null,
        1,
        4,
        4,
        4,
        4,
        64,
        4,
        null,
        null,
        null,
        null,
        null,
        null,
        null,
        null,
        null,
        null,
        null,
        1,
        1,
        4,
        null,
        null
      ],
      "/Users/ode/Projects/stocksniffer/app/controllers/nasdaq_instruments_controller.rb": [
        1,
        1,
        null,
        1,
        1,
        1,
        null,
        null,
        null,
        1,
        null,
        null,
        null,
        null,
        1,
        4,
        4,
        4,
        null,
        null,
        null,
        1,
        3,
        null,
        null,
        null,
        1,
        null,
        null,
        null,
        null,
        1,
        2,
        null,
        2,
        2,
        2,
        1,
        null,
        2,
        1,
        null,
        null,
        null,
        null,
        null,
        null,
        1,
        2,
        2,
        2,
        1,
        null,
        2,
        1,
        null,
        null,
        null,
        null,
        null,
        null,
        1,
        1,
        1,
        2,
        1,
        null,
        null,
        null,
        1,
        1,
        1,
        null,
        null,
        1,
        null,
        1,
        10,
        null,
        null,
        null,
        null,
        null,
        1,
        10,
        null,
        null,
        null,
        1,
        4,
        null,
        null
      ],
      "/Users/ode/Projects/stocksniffer/lib/csv_reader.rb": [
        1,
        null,
        1,
        null,
        1,
        1,
        4,
        4,
        null,
        1,
        1,
        null,
        null,
        null,
        null,
        1,
        null,
        1,
        1,
        11,
        11,
        null,
        1,
        1,
        null,
        null,
        null,
        null,
        1,
        1,
        4,
        4,
        14,
        4,
        null,
        null,
        4,
        4,
        null,
        null,
        4,
        null,
        null,
        1,
        null,
        2,
        null,
        null,
        1,
        null,
        null,
        2,
        null,
        null,
        null,
        1,
        0,
        null,
        null,
        1,
        0,
        null,
        null,
        null
      ],
      "/Users/ode/Projects/stocksniffer/app/controllers/xetra_instruments_controller.rb": [
        1,
        null,
        1,
        1,
        1,
        null,
        null,
        null,
        1,
        null,
        null,
        null,
        null,
        1,
        null,
        null,
        null,
        1,
        3,
        null,
        null,
        null,
        1,
        null,
        null,
        null,
        null,
        1,
        2,
        null,
        2,
        2,
        2,
        1,
        null,
        2,
        1,
        null,
        null,
        null,
        null,
        null,
        null,
        1,
        2,
        2,
        2,
        1,
        null,
        2,
        1,
        null,
        null,
        null,
        null,
        null,
        null,
        1,
        1,
        1,
        2,
        1,
        null,
        null,
        null,
        1,
        1,
        1,
        null,
        null,
        1,
        null,
        1,
        10,
        null,
        null,
        null,
        null,
        null,
        1,
        10,
        null,
        null,
        null,
        1,
        4,
        null,
        null
      ]
    },
    "timestamp": 1495646753
  }
}
